{"C:\\Proyectos\\cashtrackr\\backend\\src\\config\\nodemailer.ts": {"path":"C:\\Proyectos\\cashtrackr\\backend\\src\\config\\nodemailer.ts","statementMap":{"0":{"start":{"line":1,"column":0},"end":{"line":1,"column":35}},"1":{"start":{"line":2,"column":0},"end":{"line":2,"column":27}},"2":{"start":{"line":4,"column":0},"end":{"line":4,"column":null}},"3":{"start":{"line":15,"column":15},"end":{"line":24,"column":1}},"4":{"start":{"line":16,"column":4},"end":{"line":23,"column":null}},"5":{"start":{"line":26,"column":13},"end":{"line":26,"column":62}}},"fnMap":{"0":{"name":"(anonymous_1)","decl":{"start":{"line":15,"column":15},"end":{"line":15,"column":36}},"loc":{"start":{"line":15,"column":38},"end":{"line":24,"column":1}}}},"branchMap":{"0":{"loc":{"start":{"line":18,"column":23},"end":{"line":18,"column":54}},"type":"binary-expr","locations":[{"start":{"line":18,"column":23},"end":{"line":18,"column":45}},{"start":{"line":18,"column":49},"end":{"line":18,"column":54}}]}},"s":{"0":1,"1":1,"2":1,"3":1,"4":1,"5":1},"f":{"0":1},"b":{"0":[1,0]}}
,"C:\\Proyectos\\cashtrackr\\backend\\src\\controllers\\AuthController.ts": {"path":"C:\\Proyectos\\cashtrackr\\backend\\src\\controllers\\AuthController.ts","statementMap":{"0":{"start":{"line":2,"column":0},"end":{"line":2,"column":33}},"1":{"start":{"line":3,"column":0},"end":{"line":3,"column":59}},"2":{"start":{"line":4,"column":0},"end":{"line":4,"column":46}},"3":{"start":{"line":5,"column":0},"end":{"line":5,"column":47}},"4":{"start":{"line":6,"column":0},"end":{"line":6,"column":42}},"5":{"start":{"line":9,"column":27},"end":{"line":35,"column":5}},"6":{"start":{"line":10,"column":36},"end":{"line":10,"column":44}},"7":{"start":{"line":13,"column":27},"end":{"line":13,"column":67}},"8":{"start":{"line":15,"column":8},"end":{"line":18,"column":9}},"9":{"start":{"line":16,"column":26},"end":{"line":16,"column":83}},"10":{"start":{"line":17,"column":12},"end":{"line":17,"column":null}},"11":{"start":{"line":20,"column":8},"end":{"line":34,"column":9}},"12":{"start":{"line":21,"column":25},"end":{"line":21,"column":52}},"13":{"start":{"line":22,"column":12},"end":{"line":22,"column":null}},"14":{"start":{"line":23,"column":12},"end":{"line":23,"column":null}},"15":{"start":{"line":24,"column":12},"end":{"line":24,"column":null}},"16":{"start":{"line":26,"column":12},"end":{"line":30,"column":15}},"17":{"start":{"line":31,"column":12},"end":{"line":31,"column":null}},"18":{"start":{"line":33,"column":12},"end":{"line":33,"column":null}},"19":{"start":{"line":36,"column":28},"end":{"line":48,"column":5}},"20":{"start":{"line":37,"column":26},"end":{"line":37,"column":34}},"21":{"start":{"line":39,"column":21},"end":{"line":39,"column":61}},"22":{"start":{"line":40,"column":8},"end":{"line":43,"column":9}},"23":{"start":{"line":41,"column":26},"end":{"line":41,"column":54}},"24":{"start":{"line":42,"column":12},"end":{"line":42,"column":null}},"25":{"start":{"line":44,"column":8},"end":{"line":44,"column":null}},"26":{"start":{"line":45,"column":8},"end":{"line":45,"column":null}},"27":{"start":{"line":46,"column":8},"end":{"line":46,"column":null}},"28":{"start":{"line":47,"column":8},"end":{"line":47,"column":null}},"29":{"start":{"line":50,"column":19},"end":{"line":73,"column":5}},"30":{"start":{"line":51,"column":36},"end":{"line":51,"column":44}},"31":{"start":{"line":54,"column":21},"end":{"line":54,"column":61}},"32":{"start":{"line":55,"column":8},"end":{"line":58,"column":9}},"33":{"start":{"line":56,"column":26},"end":{"line":56,"column":60}},"34":{"start":{"line":57,"column":12},"end":{"line":57,"column":null}},"35":{"start":{"line":60,"column":8},"end":{"line":63,"column":9}},"36":{"start":{"line":61,"column":26},"end":{"line":61,"column":70}},"37":{"start":{"line":62,"column":12},"end":{"line":62,"column":null}},"38":{"start":{"line":64,"column":34},"end":{"line":64,"column":78}},"39":{"start":{"line":66,"column":8},"end":{"line":69,"column":9}},"40":{"start":{"line":67,"column":26},"end":{"line":67,"column":58}},"41":{"start":{"line":68,"column":12},"end":{"line":68,"column":null}},"42":{"start":{"line":71,"column":22},"end":{"line":71,"column":42}},"43":{"start":{"line":72,"column":8},"end":{"line":72,"column":null}},"44":{"start":{"line":75,"column":28},"end":{"line":94,"column":5}},"45":{"start":{"line":76,"column":26},"end":{"line":76,"column":34}},"46":{"start":{"line":79,"column":21},"end":{"line":79,"column":61}},"47":{"start":{"line":80,"column":8},"end":{"line":83,"column":9}},"48":{"start":{"line":81,"column":26},"end":{"line":81,"column":60}},"49":{"start":{"line":82,"column":12},"end":{"line":82,"column":null}},"50":{"start":{"line":84,"column":8},"end":{"line":84,"column":37}},"51":{"start":{"line":85,"column":8},"end":{"line":85,"column":null}},"52":{"start":{"line":87,"column":8},"end":{"line":91,"column":null}},"53":{"start":{"line":93,"column":8},"end":{"line":93,"column":null}},"54":{"start":{"line":96,"column":27},"end":{"line":106,"column":5}},"55":{"start":{"line":97,"column":26},"end":{"line":97,"column":34}},"56":{"start":{"line":99,"column":28},"end":{"line":99,"column":68}},"57":{"start":{"line":101,"column":8},"end":{"line":104,"column":9}},"58":{"start":{"line":102,"column":26},"end":{"line":102,"column":54}},"59":{"start":{"line":103,"column":12},"end":{"line":103,"column":null}},"60":{"start":{"line":105,"column":8},"end":{"line":105,"column":null}},"61":{"start":{"line":108,"column":36},"end":{"line":126,"column":5}},"62":{"start":{"line":109,"column":26},"end":{"line":109,"column":36}},"63":{"start":{"line":110,"column":29},"end":{"line":110,"column":37}},"64":{"start":{"line":112,"column":21},"end":{"line":112,"column":61}},"65":{"start":{"line":114,"column":8},"end":{"line":117,"column":9}},"66":{"start":{"line":115,"column":26},"end":{"line":115,"column":54}},"67":{"start":{"line":116,"column":12},"end":{"line":116,"column":null}},"68":{"start":{"line":120,"column":8},"end":{"line":120,"column":null}},"69":{"start":{"line":121,"column":8},"end":{"line":121,"column":null}},"70":{"start":{"line":122,"column":8},"end":{"line":122,"column":null}},"71":{"start":{"line":124,"column":8},"end":{"line":124,"column":null}},"72":{"start":{"line":128,"column":18},"end":{"line":130,"column":5}},"73":{"start":{"line":129,"column":8},"end":{"line":129,"column":null}},"74":{"start":{"line":132,"column":39},"end":{"line":147,"column":5}},"75":{"start":{"line":133,"column":47},"end":{"line":133,"column":55}},"76":{"start":{"line":134,"column":23},"end":{"line":134,"column":31}},"77":{"start":{"line":136,"column":21},"end":{"line":136,"column":44}},"78":{"start":{"line":138,"column":34},"end":{"line":138,"column":86}},"79":{"start":{"line":139,"column":8},"end":{"line":142,"column":9}},"80":{"start":{"line":140,"column":26},"end":{"line":140,"column":71}},"81":{"start":{"line":141,"column":12},"end":{"line":141,"column":null}},"82":{"start":{"line":143,"column":8},"end":{"line":143,"column":null}},"83":{"start":{"line":144,"column":8},"end":{"line":144,"column":null}},"84":{"start":{"line":146,"column":8},"end":{"line":146,"column":null}},"85":{"start":{"line":149,"column":27},"end":{"line":162,"column":5}},"86":{"start":{"line":150,"column":29},"end":{"line":150,"column":37}},"87":{"start":{"line":151,"column":23},"end":{"line":151,"column":31}},"88":{"start":{"line":153,"column":21},"end":{"line":153,"column":44}},"89":{"start":{"line":155,"column":34},"end":{"line":155,"column":78}},"90":{"start":{"line":156,"column":8},"end":{"line":159,"column":9}},"91":{"start":{"line":157,"column":26},"end":{"line":157,"column":71}},"92":{"start":{"line":158,"column":12},"end":{"line":158,"column":null}},"93":{"start":{"line":161,"column":8},"end":{"line":161,"column":null}},"94":{"start":{"line":8,"column":0},"end":{"line":8,"column":13}}},"fnMap":{"0":{"name":"(anonymous_1)","decl":{"start":{"line":9,"column":27},"end":{"line":9,"column":32}},"loc":{"start":{"line":9,"column":65},"end":{"line":35,"column":5}}},"1":{"name":"(anonymous_2)","decl":{"start":{"line":36,"column":28},"end":{"line":36,"column":33}},"loc":{"start":{"line":36,"column":66},"end":{"line":48,"column":5}}},"2":{"name":"(anonymous_3)","decl":{"start":{"line":50,"column":19},"end":{"line":50,"column":24}},"loc":{"start":{"line":50,"column":57},"end":{"line":73,"column":5}}},"3":{"name":"(anonymous_4)","decl":{"start":{"line":75,"column":28},"end":{"line":75,"column":33}},"loc":{"start":{"line":75,"column":66},"end":{"line":94,"column":5}}},"4":{"name":"(anonymous_5)","decl":{"start":{"line":96,"column":27},"end":{"line":96,"column":32}},"loc":{"start":{"line":96,"column":65},"end":{"line":106,"column":5}}},"5":{"name":"(anonymous_6)","decl":{"start":{"line":108,"column":36},"end":{"line":108,"column":41}},"loc":{"start":{"line":108,"column":74},"end":{"line":126,"column":5}}},"6":{"name":"(anonymous_7)","decl":{"start":{"line":128,"column":18},"end":{"line":128,"column":23}},"loc":{"start":{"line":128,"column":56},"end":{"line":130,"column":5}}},"7":{"name":"(anonymous_8)","decl":{"start":{"line":132,"column":39},"end":{"line":132,"column":44}},"loc":{"start":{"line":132,"column":77},"end":{"line":147,"column":5}}},"8":{"name":"(anonymous_9)","decl":{"start":{"line":149,"column":27},"end":{"line":149,"column":32}},"loc":{"start":{"line":149,"column":65},"end":{"line":162,"column":5}}}},"branchMap":{"0":{"loc":{"start":{"line":15,"column":8},"end":{"line":18,"column":9}},"type":"if","locations":[{"start":{"line":15,"column":8},"end":{"line":18,"column":9}},{"start":{},"end":{}}]},"1":{"loc":{"start":{"line":40,"column":8},"end":{"line":43,"column":9}},"type":"if","locations":[{"start":{"line":40,"column":8},"end":{"line":43,"column":9}},{"start":{},"end":{}}]},"2":{"loc":{"start":{"line":55,"column":8},"end":{"line":58,"column":9}},"type":"if","locations":[{"start":{"line":55,"column":8},"end":{"line":58,"column":9}},{"start":{},"end":{}}]},"3":{"loc":{"start":{"line":60,"column":8},"end":{"line":63,"column":9}},"type":"if","locations":[{"start":{"line":60,"column":8},"end":{"line":63,"column":9}},{"start":{},"end":{}}]},"4":{"loc":{"start":{"line":66,"column":8},"end":{"line":69,"column":9}},"type":"if","locations":[{"start":{"line":66,"column":8},"end":{"line":69,"column":9}},{"start":{},"end":{}}]},"5":{"loc":{"start":{"line":80,"column":8},"end":{"line":83,"column":9}},"type":"if","locations":[{"start":{"line":80,"column":8},"end":{"line":83,"column":9}},{"start":{},"end":{}}]},"6":{"loc":{"start":{"line":101,"column":8},"end":{"line":104,"column":9}},"type":"if","locations":[{"start":{"line":101,"column":8},"end":{"line":104,"column":9}},{"start":{},"end":{}}]},"7":{"loc":{"start":{"line":114,"column":8},"end":{"line":117,"column":9}},"type":"if","locations":[{"start":{"line":114,"column":8},"end":{"line":117,"column":9}},{"start":{},"end":{}}]},"8":{"loc":{"start":{"line":139,"column":8},"end":{"line":142,"column":9}},"type":"if","locations":[{"start":{"line":139,"column":8},"end":{"line":142,"column":9}},{"start":{},"end":{}}]},"9":{"loc":{"start":{"line":156,"column":8},"end":{"line":159,"column":9}},"type":"if","locations":[{"start":{"line":156,"column":8},"end":{"line":159,"column":9}},{"start":{},"end":{}}]}},"s":{"0":1,"1":1,"2":1,"3":1,"4":1,"5":1,"6":2,"7":2,"8":2,"9":1,"10":1,"11":1,"12":1,"13":1,"14":1,"15":1,"16":1,"17":1,"18":0,"19":1,"20":0,"21":0,"22":0,"23":0,"24":0,"25":0,"26":0,"27":0,"28":0,"29":1,"30":4,"31":4,"32":4,"33":1,"34":1,"35":3,"36":1,"37":1,"38":2,"39":2,"40":1,"41":1,"42":1,"43":1,"44":1,"45":0,"46":0,"47":0,"48":0,"49":0,"50":0,"51":0,"52":0,"53":0,"54":1,"55":0,"56":0,"57":0,"58":0,"59":0,"60":0,"61":1,"62":0,"63":0,"64":0,"65":0,"66":0,"67":0,"68":0,"69":0,"70":0,"71":0,"72":1,"73":0,"74":1,"75":0,"76":0,"77":0,"78":0,"79":0,"80":0,"81":0,"82":0,"83":0,"84":0,"85":1,"86":0,"87":0,"88":0,"89":0,"90":0,"91":0,"92":0,"93":0,"94":1},"f":{"0":2,"1":0,"2":4,"3":0,"4":0,"5":0,"6":0,"7":0,"8":0},"b":{"0":[1,1],"1":[0,0],"2":[1,3],"3":[1,2],"4":[1,1],"5":[0,0],"6":[0,0],"7":[0,0],"8":[0,0],"9":[0,0]}}
,"C:\\Proyectos\\cashtrackr\\backend\\src\\controllers\\BudgetController.ts": {"path":"C:\\Proyectos\\cashtrackr\\backend\\src\\controllers\\BudgetController.ts","statementMap":{"0":{"start":{"line":2,"column":0},"end":{"line":2,"column":37}},"1":{"start":{"line":3,"column":0},"end":{"line":3,"column":39}},"2":{"start":{"line":6,"column":20},"end":{"line":21,"column":5}},"3":{"start":{"line":7,"column":8},"end":{"line":20,"column":9}},"4":{"start":{"line":8,"column":28},"end":{"line":15,"column":14}},"5":{"start":{"line":16,"column":12},"end":{"line":16,"column":null}},"6":{"start":{"line":18,"column":12},"end":{"line":18,"column":null}},"7":{"start":{"line":23,"column":20},"end":{"line":33,"column":5}},"8":{"start":{"line":24,"column":8},"end":{"line":32,"column":9}},"9":{"start":{"line":25,"column":27},"end":{"line":25,"column":56}},"10":{"start":{"line":26,"column":12},"end":{"line":26,"column":null}},"11":{"start":{"line":27,"column":12},"end":{"line":27,"column":null}},"12":{"start":{"line":28,"column":12},"end":{"line":28,"column":null}},"13":{"start":{"line":31,"column":12},"end":{"line":31,"column":null}},"14":{"start":{"line":35,"column":21},"end":{"line":41,"column":5}},"15":{"start":{"line":36,"column":23},"end":{"line":38,"column":10}},"16":{"start":{"line":40,"column":8},"end":{"line":40,"column":null}},"17":{"start":{"line":43,"column":24},"end":{"line":46,"column":5}},"18":{"start":{"line":44,"column":8},"end":{"line":44,"column":null}},"19":{"start":{"line":45,"column":8},"end":{"line":45,"column":null}},"20":{"start":{"line":48,"column":24},"end":{"line":51,"column":5}},"21":{"start":{"line":49,"column":8},"end":{"line":49,"column":null}},"22":{"start":{"line":50,"column":8},"end":{"line":50,"column":null}},"23":{"start":{"line":5,"column":0},"end":{"line":5,"column":13}}},"fnMap":{"0":{"name":"(anonymous_1)","decl":{"start":{"line":6,"column":20},"end":{"line":6,"column":25}},"loc":{"start":{"line":6,"column":58},"end":{"line":21,"column":5}}},"1":{"name":"(anonymous_2)","decl":{"start":{"line":23,"column":20},"end":{"line":23,"column":25}},"loc":{"start":{"line":23,"column":58},"end":{"line":33,"column":5}}},"2":{"name":"(anonymous_3)","decl":{"start":{"line":35,"column":21},"end":{"line":35,"column":26}},"loc":{"start":{"line":35,"column":59},"end":{"line":41,"column":5}}},"3":{"name":"(anonymous_4)","decl":{"start":{"line":43,"column":24},"end":{"line":43,"column":29}},"loc":{"start":{"line":43,"column":62},"end":{"line":46,"column":5}}},"4":{"name":"(anonymous_5)","decl":{"start":{"line":48,"column":24},"end":{"line":48,"column":29}},"loc":{"start":{"line":48,"column":62},"end":{"line":51,"column":5}}}},"branchMap":{},"s":{"0":1,"1":1,"2":1,"3":4,"4":4,"5":3,"6":1,"7":1,"8":2,"9":2,"10":1,"11":1,"12":1,"13":1,"14":1,"15":3,"16":3,"17":1,"18":1,"19":1,"20":1,"21":1,"22":1,"23":1},"f":{"0":4,"1":2,"2":3,"3":1,"4":1},"b":{}}
,"C:\\Proyectos\\cashtrackr\\backend\\src\\controllers\\ExpenseController.ts": {"path":"C:\\Proyectos\\cashtrackr\\backend\\src\\controllers\\ExpenseController.ts","statementMap":{"0":{"start":{"line":2,"column":0},"end":{"line":2,"column":39}},"1":{"start":{"line":6,"column":20},"end":{"line":16,"column":5}},"2":{"start":{"line":7,"column":8},"end":{"line":15,"column":9}},"3":{"start":{"line":8,"column":28},"end":{"line":8,"column":58}},"4":{"start":{"line":9,"column":12},"end":{"line":9,"column":null}},"5":{"start":{"line":10,"column":12},"end":{"line":10,"column":null}},"6":{"start":{"line":11,"column":12},"end":{"line":11,"column":null}},"7":{"start":{"line":14,"column":12},"end":{"line":14,"column":null}},"8":{"start":{"line":18,"column":21},"end":{"line":20,"column":5}},"9":{"start":{"line":19,"column":8},"end":{"line":19,"column":null}},"10":{"start":{"line":22,"column":24},"end":{"line":25,"column":5}},"11":{"start":{"line":23,"column":8},"end":{"line":23,"column":null}},"12":{"start":{"line":24,"column":8},"end":{"line":24,"column":null}},"13":{"start":{"line":27,"column":24},"end":{"line":30,"column":5}},"14":{"start":{"line":28,"column":8},"end":{"line":28,"column":null}},"15":{"start":{"line":29,"column":8},"end":{"line":29,"column":null}},"16":{"start":{"line":4,"column":0},"end":{"line":4,"column":13}}},"fnMap":{"0":{"name":"(anonymous_1)","decl":{"start":{"line":6,"column":20},"end":{"line":6,"column":25}},"loc":{"start":{"line":6,"column":58},"end":{"line":16,"column":5}}},"1":{"name":"(anonymous_2)","decl":{"start":{"line":18,"column":21},"end":{"line":18,"column":26}},"loc":{"start":{"line":18,"column":59},"end":{"line":20,"column":5}}},"2":{"name":"(anonymous_3)","decl":{"start":{"line":22,"column":24},"end":{"line":22,"column":29}},"loc":{"start":{"line":22,"column":62},"end":{"line":25,"column":5}}},"3":{"name":"(anonymous_4)","decl":{"start":{"line":27,"column":24},"end":{"line":27,"column":29}},"loc":{"start":{"line":27,"column":62},"end":{"line":30,"column":5}}}},"branchMap":{},"s":{"0":1,"1":1,"2":2,"3":2,"4":1,"5":1,"6":1,"7":1,"8":1,"9":1,"10":1,"11":1,"12":1,"13":1,"14":1,"15":1,"16":1},"f":{"0":2,"1":1,"2":1,"3":1},"b":{}}
,"C:\\Proyectos\\cashtrackr\\backend\\src\\emails\\AuthEmail.ts": {"path":"C:\\Proyectos\\cashtrackr\\backend\\src\\emails\\AuthEmail.ts","statementMap":{"0":{"start":{"line":1,"column":0},"end":{"line":1,"column":48}},"1":{"start":{"line":10,"column":35},"end":{"line":21,"column":5}},"2":{"start":{"line":11,"column":22},"end":{"line":20,"column":10}},"3":{"start":{"line":23,"column":36},"end":{"line":34,"column":5}},"4":{"start":{"line":24,"column":22},"end":{"line":33,"column":10}},"5":{"start":{"line":9,"column":0},"end":{"line":9,"column":13}}},"fnMap":{"0":{"name":"(anonymous_0)","decl":{"start":{"line":10,"column":35},"end":{"line":10,"column":40}},"loc":{"start":{"line":10,"column":61},"end":{"line":21,"column":5}}},"1":{"name":"(anonymous_1)","decl":{"start":{"line":23,"column":36},"end":{"line":23,"column":41}},"loc":{"start":{"line":23,"column":62},"end":{"line":34,"column":5}}}},"branchMap":{},"s":{"0":1,"1":1,"2":0,"3":1,"4":0,"5":1},"f":{"0":0,"1":0},"b":{}}
,"C:\\Proyectos\\cashtrackr\\backend\\src\\middleware\\budget.ts": {"path":"C:\\Proyectos\\cashtrackr\\backend\\src\\middleware\\budget.ts","statementMap":{"0":{"start":{"line":52,"column":0},"end":{"line":52,"column":16}},"1":{"start":{"line":2,"column":0},"end":{"line":2,"column":65}},"2":{"start":{"line":3,"column":0},"end":{"line":3,"column":37}},"3":{"start":{"line":14,"column":32},"end":{"line":24,"column":1}},"4":{"start":{"line":15,"column":4},"end":{"line":17,"column":null}},"5":{"start":{"line":16,"column":25},"end":{"line":16,"column":34}},"6":{"start":{"line":19,"column":17},"end":{"line":19,"column":38}},"7":{"start":{"line":20,"column":4},"end":{"line":22,"column":5}},"8":{"start":{"line":21,"column":8},"end":{"line":21,"column":null}},"9":{"start":{"line":23,"column":4},"end":{"line":23,"column":null}},"10":{"start":{"line":14,"column":13},"end":{"line":14,"column":32}},"11":{"start":{"line":26,"column":36},"end":{"line":39,"column":1}},"12":{"start":{"line":27,"column":4},"end":{"line":38,"column":5}},"13":{"start":{"line":28,"column":29},"end":{"line":28,"column":39}},"14":{"start":{"line":29,"column":23},"end":{"line":29,"column":62}},"15":{"start":{"line":30,"column":8},"end":{"line":33,"column":9}},"16":{"start":{"line":31,"column":26},"end":{"line":31,"column":64}},"17":{"start":{"line":32,"column":12},"end":{"line":32,"column":null}},"18":{"start":{"line":34,"column":8},"end":{"line":34,"column":null}},"19":{"start":{"line":35,"column":8},"end":{"line":35,"column":null}},"20":{"start":{"line":37,"column":8},"end":{"line":37,"column":null}},"21":{"start":{"line":26,"column":13},"end":{"line":26,"column":36}},"22":{"start":{"line":41,"column":35},"end":{"line":50,"column":1}},"23":{"start":{"line":43,"column":4},"end":{"line":44,"column":null}},"24":{"start":{"line":45,"column":4},"end":{"line":48,"column":null}},"25":{"start":{"line":48,"column":25},"end":{"line":48,"column":34}},"26":{"start":{"line":49,"column":4},"end":{"line":49,"column":null}},"27":{"start":{"line":41,"column":13},"end":{"line":41,"column":35}},"28":{"start":{"line":53,"column":4},"end":{"line":56,"column":5}},"29":{"start":{"line":54,"column":22},"end":{"line":54,"column":51}},"30":{"start":{"line":55,"column":8},"end":{"line":55,"column":null}},"31":{"start":{"line":57,"column":4},"end":{"line":57,"column":null}}},"fnMap":{"0":{"name":"(anonymous_1)","decl":{"start":{"line":14,"column":32},"end":{"line":14,"column":37}},"loc":{"start":{"line":14,"column":90},"end":{"line":24,"column":1}}},"1":{"name":"(anonymous_2)","decl":{"start":{"line":16,"column":16},"end":{"line":16,"column":21}},"loc":{"start":{"line":16,"column":25},"end":{"line":16,"column":34}}},"2":{"name":"(anonymous_3)","decl":{"start":{"line":26,"column":36},"end":{"line":26,"column":41}},"loc":{"start":{"line":26,"column":94},"end":{"line":39,"column":1}}},"3":{"name":"(anonymous_4)","decl":{"start":{"line":41,"column":35},"end":{"line":41,"column":40}},"loc":{"start":{"line":41,"column":93},"end":{"line":50,"column":1}}},"4":{"name":"(anonymous_5)","decl":{"start":{"line":48,"column":16},"end":{"line":48,"column":21}},"loc":{"start":{"line":48,"column":25},"end":{"line":48,"column":34}}},"5":{"name":"hasAccess","decl":{"start":{"line":52,"column":16},"end":{"line":52,"column":25}},"loc":{"start":{"line":52,"column":73},"end":{"line":58,"column":1}}}},"branchMap":{"0":{"loc":{"start":{"line":20,"column":4},"end":{"line":22,"column":5}},"type":"if","locations":[{"start":{"line":20,"column":4},"end":{"line":22,"column":5}},{"start":{},"end":{}}]},"1":{"loc":{"start":{"line":30,"column":8},"end":{"line":33,"column":9}},"type":"if","locations":[{"start":{"line":30,"column":8},"end":{"line":33,"column":9}},{"start":{},"end":{}}]},"2":{"loc":{"start":{"line":53,"column":4},"end":{"line":56,"column":5}},"type":"if","locations":[{"start":{"line":53,"column":4},"end":{"line":56,"column":5}},{"start":{},"end":{}}]}},"s":{"0":2,"1":2,"2":2,"3":2,"4":0,"5":0,"6":0,"7":0,"8":0,"9":0,"10":2,"11":2,"12":3,"13":3,"14":3,"15":2,"16":1,"17":1,"18":1,"19":1,"20":1,"21":2,"22":2,"23":0,"24":0,"25":0,"26":0,"27":2,"28":3,"29":2,"30":2,"31":1},"f":{"0":0,"1":0,"2":3,"3":0,"4":0,"5":3},"b":{"0":[0,0],"1":[1,1],"2":[2,1]}}
,"C:\\Proyectos\\cashtrackr\\backend\\src\\middleware\\expense.ts": {"path":"C:\\Proyectos\\cashtrackr\\backend\\src\\middleware\\expense.ts","statementMap":{"0":{"start":{"line":2,"column":0},"end":{"line":2,"column":65}},"1":{"start":{"line":3,"column":0},"end":{"line":3,"column":39}},"2":{"start":{"line":13,"column":36},"end":{"line":22,"column":1}},"3":{"start":{"line":15,"column":4},"end":{"line":16,"column":null}},"4":{"start":{"line":17,"column":4},"end":{"line":20,"column":null}},"5":{"start":{"line":20,"column":25},"end":{"line":20,"column":34}},"6":{"start":{"line":21,"column":4},"end":{"line":21,"column":null}},"7":{"start":{"line":13,"column":13},"end":{"line":13,"column":36}},"8":{"start":{"line":24,"column":33},"end":{"line":34,"column":1}},"9":{"start":{"line":25,"column":4},"end":{"line":26,"column":null}},"10":{"start":{"line":25,"column":53},"end":{"line":25,"column":62}},"11":{"start":{"line":28,"column":17},"end":{"line":28,"column":38}},"12":{"start":{"line":29,"column":4},"end":{"line":31,"column":5}},"13":{"start":{"line":30,"column":8},"end":{"line":30,"column":null}},"14":{"start":{"line":33,"column":4},"end":{"line":33,"column":null}},"15":{"start":{"line":24,"column":13},"end":{"line":24,"column":33}},"16":{"start":{"line":36,"column":37},"end":{"line":49,"column":1}},"17":{"start":{"line":37,"column":4},"end":{"line":48,"column":5}},"18":{"start":{"line":38,"column":30},"end":{"line":38,"column":40}},"19":{"start":{"line":39,"column":24},"end":{"line":39,"column":65}},"20":{"start":{"line":40,"column":8},"end":{"line":43,"column":9}},"21":{"start":{"line":41,"column":26},"end":{"line":41,"column":58}},"22":{"start":{"line":42,"column":12},"end":{"line":42,"column":null}},"23":{"start":{"line":44,"column":8},"end":{"line":44,"column":null}},"24":{"start":{"line":45,"column":8},"end":{"line":45,"column":null}},"25":{"start":{"line":47,"column":8},"end":{"line":47,"column":null}},"26":{"start":{"line":36,"column":13},"end":{"line":36,"column":37}}},"fnMap":{"0":{"name":"(anonymous_1)","decl":{"start":{"line":13,"column":36},"end":{"line":13,"column":41}},"loc":{"start":{"line":13,"column":94},"end":{"line":22,"column":1}}},"1":{"name":"(anonymous_2)","decl":{"start":{"line":20,"column":16},"end":{"line":20,"column":21}},"loc":{"start":{"line":20,"column":25},"end":{"line":20,"column":34}}},"2":{"name":"(anonymous_3)","decl":{"start":{"line":24,"column":33},"end":{"line":24,"column":38}},"loc":{"start":{"line":24,"column":91},"end":{"line":34,"column":1}}},"3":{"name":"(anonymous_4)","decl":{"start":{"line":25,"column":44},"end":{"line":25,"column":49}},"loc":{"start":{"line":25,"column":53},"end":{"line":25,"column":62}}},"4":{"name":"(anonymous_5)","decl":{"start":{"line":36,"column":37},"end":{"line":36,"column":42}},"loc":{"start":{"line":36,"column":95},"end":{"line":49,"column":1}}}},"branchMap":{"0":{"loc":{"start":{"line":29,"column":4},"end":{"line":31,"column":5}},"type":"if","locations":[{"start":{"line":29,"column":4},"end":{"line":31,"column":5}},{"start":{},"end":{}}]},"1":{"loc":{"start":{"line":40,"column":8},"end":{"line":43,"column":9}},"type":"if","locations":[{"start":{"line":40,"column":8},"end":{"line":43,"column":9}},{"start":{},"end":{}}]}},"s":{"0":1,"1":1,"2":1,"3":0,"4":0,"5":0,"6":0,"7":1,"8":1,"9":0,"10":0,"11":0,"12":0,"13":0,"14":0,"15":1,"16":1,"17":3,"18":3,"19":3,"20":2,"21":1,"22":1,"23":1,"24":1,"25":1,"26":1},"f":{"0":0,"1":0,"2":0,"3":0,"4":3},"b":{"0":[0,0],"1":[1,1]}}
,"C:\\Proyectos\\cashtrackr\\backend\\src\\models\\Budget.ts": {"path":"C:\\Proyectos\\cashtrackr\\backend\\src\\models\\Budget.ts","statementMap":{"0":{"start":{"line":1,"column":0},"end":{"line":1,"column":112}},"1":{"start":{"line":2,"column":0},"end":{"line":2,"column":31}},"2":{"start":{"line":3,"column":0},"end":{"line":3,"column":25}},"3":{"start":{"line":9,"column":0},"end":{"line":33,"column":null}},"4":{"start":{"line":14,"column":12},"end":{"line":14,"column":null}},"5":{"start":{"line":20,"column":12},"end":{"line":20,"column":null}},"6":{"start":{"line":26,"column":12},"end":{"line":26,"column":null}},"7":{"start":{"line":22,"column":19},"end":{"line":22,"column":26}},"8":{"start":{"line":29,"column":12},"end":{"line":29,"column":null}},"9":{"start":{"line":28,"column":22},"end":{"line":28,"column":26}},"10":{"start":{"line":32,"column":12},"end":{"line":32,"column":null}},"11":{"start":{"line":31,"column":21},"end":{"line":31,"column":25}},"12":{"start":{"line":9,"column":6},"end":{"line":33,"column":null}},"13":{"start":{"line":35,"column":0},"end":{"line":35,"column":null}}},"fnMap":{"0":{"name":"(anonymous_3)","decl":{"start":{"line":22,"column":13},"end":{"line":22,"column":16}},"loc":{"start":{"line":22,"column":19},"end":{"line":22,"column":26}}},"1":{"name":"(anonymous_4)","decl":{"start":{"line":28,"column":16},"end":{"line":28,"column":19}},"loc":{"start":{"line":28,"column":22},"end":{"line":28,"column":26}}},"2":{"name":"(anonymous_5)","decl":{"start":{"line":31,"column":15},"end":{"line":31,"column":18}},"loc":{"start":{"line":31,"column":21},"end":{"line":31,"column":25}}}},"branchMap":{},"s":{"0":2,"1":2,"2":2,"3":2,"4":2,"5":2,"6":2,"7":0,"8":2,"9":0,"10":2,"11":0,"12":2,"13":2},"f":{"0":0,"1":0,"2":0},"b":{}}
,"C:\\Proyectos\\cashtrackr\\backend\\src\\models\\Expense.ts": {"path":"C:\\Proyectos\\cashtrackr\\backend\\src\\models\\Expense.ts","statementMap":{"0":{"start":{"line":1,"column":0},"end":{"line":1,"column":103}},"1":{"start":{"line":2,"column":0},"end":{"line":2,"column":29}},"2":{"start":{"line":8,"column":0},"end":{"line":26,"column":null}},"3":{"start":{"line":13,"column":12},"end":{"line":13,"column":null}},"4":{"start":{"line":19,"column":12},"end":{"line":19,"column":null}},"5":{"start":{"line":22,"column":12},"end":{"line":22,"column":null}},"6":{"start":{"line":21,"column":22},"end":{"line":21,"column":28}},"7":{"start":{"line":25,"column":12},"end":{"line":25,"column":null}},"8":{"start":{"line":24,"column":21},"end":{"line":24,"column":27}},"9":{"start":{"line":8,"column":6},"end":{"line":26,"column":null}},"10":{"start":{"line":28,"column":0},"end":{"line":28,"column":null}}},"fnMap":{"0":{"name":"(anonymous_3)","decl":{"start":{"line":21,"column":16},"end":{"line":21,"column":19}},"loc":{"start":{"line":21,"column":22},"end":{"line":21,"column":28}}},"1":{"name":"(anonymous_4)","decl":{"start":{"line":24,"column":15},"end":{"line":24,"column":18}},"loc":{"start":{"line":24,"column":21},"end":{"line":24,"column":27}}}},"branchMap":{},"s":{"0":2,"1":2,"2":2,"3":2,"4":2,"5":2,"6":0,"7":2,"8":0,"9":2,"10":2},"f":{"0":0,"1":0},"b":{}}
,"C:\\Proyectos\\cashtrackr\\backend\\src\\models\\User.ts": {"path":"C:\\Proyectos\\cashtrackr\\backend\\src\\models\\User.ts","statementMap":{"0":{"start":{"line":1,"column":0},"end":{"line":1,"column":106}},"1":{"start":{"line":2,"column":0},"end":{"line":2,"column":29}},"2":{"start":{"line":8,"column":0},"end":{"line":44,"column":null}},"3":{"start":{"line":13,"column":12},"end":{"line":13,"column":null}},"4":{"start":{"line":19,"column":12},"end":{"line":19,"column":null}},"5":{"start":{"line":26,"column":12},"end":{"line":26,"column":null}},"6":{"start":{"line":31,"column":12},"end":{"line":31,"column":null}},"7":{"start":{"line":37,"column":12},"end":{"line":37,"column":null}},"8":{"start":{"line":43,"column":12},"end":{"line":43,"column":null}},"9":{"start":{"line":39,"column":18},"end":{"line":39,"column":24}},"10":{"start":{"line":8,"column":6},"end":{"line":44,"column":null}},"11":{"start":{"line":45,"column":0},"end":{"line":45,"column":null}}},"fnMap":{"0":{"name":"(anonymous_3)","decl":{"start":{"line":39,"column":13},"end":{"line":39,"column":15}},"loc":{"start":{"line":39,"column":18},"end":{"line":39,"column":24}}}},"branchMap":{},"s":{"0":2,"1":2,"2":2,"3":2,"4":2,"5":2,"6":2,"7":2,"8":2,"9":0,"10":2,"11":2},"f":{"0":0},"b":{}}
,"C:\\Proyectos\\cashtrackr\\backend\\src\\test\\mocks\\budget.ts": {"path":"C:\\Proyectos\\cashtrackr\\backend\\src\\test\\mocks\\budget.ts","statementMap":{"0":{"start":{"line":1,"column":13},"end":{"line":71,"column":2}}},"fnMap":{},"branchMap":{},"s":{"0":3},"f":{},"b":{}}
,"C:\\Proyectos\\cashtrackr\\backend\\src\\test\\mocks\\expense.ts": {"path":"C:\\Proyectos\\cashtrackr\\backend\\src\\test\\mocks\\expense.ts","statementMap":{"0":{"start":{"line":1,"column":13},"end":{"line":26,"column":null}}},"fnMap":{},"branchMap":{},"s":{"0":2},"f":{},"b":{}}
,"C:\\Proyectos\\cashtrackr\\backend\\src\\utils\\auth.ts": {"path":"C:\\Proyectos\\cashtrackr\\backend\\src\\utils\\auth.ts","statementMap":{"0":{"start":{"line":1,"column":0},"end":{"line":1,"column":27}},"1":{"start":{"line":3,"column":28},"end":{"line":6,"column":1}},"2":{"start":{"line":4,"column":17},"end":{"line":4,"column":41}},"3":{"start":{"line":5,"column":4},"end":{"line":5,"column":null}},"4":{"start":{"line":3,"column":13},"end":{"line":3,"column":28}},"5":{"start":{"line":8,"column":29},"end":{"line":10,"column":1}},"6":{"start":{"line":9,"column":4},"end":{"line":9,"column":null}},"7":{"start":{"line":8,"column":13},"end":{"line":8,"column":29}}},"fnMap":{"0":{"name":"(anonymous_1)","decl":{"start":{"line":3,"column":28},"end":{"line":3,"column":33}},"loc":{"start":{"line":3,"column":54},"end":{"line":6,"column":1}}},"1":{"name":"(anonymous_2)","decl":{"start":{"line":8,"column":29},"end":{"line":8,"column":34}},"loc":{"start":{"line":8,"column":69},"end":{"line":10,"column":1}}}},"branchMap":{},"s":{"0":1,"1":1,"2":0,"3":0,"4":1,"5":1,"6":0,"7":1},"f":{"0":0,"1":0},"b":{}}
,"C:\\Proyectos\\cashtrackr\\backend\\src\\utils\\jwt.ts": {"path":"C:\\Proyectos\\cashtrackr\\backend\\src\\utils\\jwt.ts","statementMap":{"0":{"start":{"line":1,"column":0},"end":{"line":1,"column":30}},"1":{"start":{"line":3,"column":27},"end":{"line":8,"column":1}},"2":{"start":{"line":4,"column":18},"end":{"line":6,"column":6}},"3":{"start":{"line":7,"column":4},"end":{"line":7,"column":null}},"4":{"start":{"line":3,"column":13},"end":{"line":3,"column":27}}},"fnMap":{"0":{"name":"(anonymous_1)","decl":{"start":{"line":3,"column":27},"end":{"line":3,"column":28}},"loc":{"start":{"line":3,"column":50},"end":{"line":8,"column":1}}}},"branchMap":{},"s":{"0":1,"1":1,"2":0,"3":0,"4":1},"f":{"0":0},"b":{}}
,"C:\\Proyectos\\cashtrackr\\backend\\src\\utils\\token.ts": {"path":"C:\\Proyectos\\cashtrackr\\backend\\src\\utils\\token.ts","statementMap":{"0":{"start":{"line":1,"column":29},"end":{"line":1,"column":89}},"1":{"start":{"line":1,"column":35},"end":{"line":1,"column":89}},"2":{"start":{"line":1,"column":13},"end":{"line":1,"column":29}}},"fnMap":{"0":{"name":"(anonymous_0)","decl":{"start":{"line":1,"column":29},"end":{"line":1,"column":32}},"loc":{"start":{"line":1,"column":35},"end":{"line":1,"column":89}}}},"branchMap":{},"s":{"0":1,"1":0,"2":1},"f":{"0":0},"b":{}}
}
